Copyright 1986-2019 Xilinx, Inc. All Rights Reserved.
-------------------------------------------------------------------------------------------------------------------------------------------------
| Tool Version     : Vivado v.2019.2 (win64) Build 2708876 Wed Nov  6 21:40:23 MST 2019
| Date             : Fri Sep 27 18:35:27 2024
| Host             : DESKTOP-B97F23F running 64-bit major release  (build 9200)
| Command          : report_power -file top_ceshi_power_routed.rpt -pb top_ceshi_power_summary_routed.pb -rpx top_ceshi_power_routed.rpx
| Design           : top_ceshi
| Device           : xc7s50fgga484-2
| Design State     : routed
| Grade            : commercial
| Process          : typical
| Characterization : Production
-------------------------------------------------------------------------------------------------------------------------------------------------

Power Report

Table of Contents
-----------------
1. Summary
1.1 On-Chip Components
1.2 Power Supply Summary
1.3 Confidence Level
2. Settings
2.1 Environment
2.2 Clock Constraints
3. Detailed Reports
3.1 By Hierarchy

1. Summary
----------

+--------------------------+--------------+
| Total On-Chip Power (W)  | 0.305        |
| Design Power Budget (W)  | Unspecified* |
| Power Budget Margin (W)  | NA           |
| Dynamic (W)              | 0.230        |
| Device Static (W)        | 0.075        |
| Effective TJA (C/W)      | 2.9          |
| Max Ambient (C)          | 84.1         |
| Junction Temperature (C) | 25.9         |
| Confidence Level         | Low          |
| Setting File             | ---          |
| Simulation Activity File | ---          |
| Design Nets Matched      | NA           |
+--------------------------+--------------+
* Specify Design Power Budget using, set_operating_conditions -design_power_budget <value in Watts>


1.1 On-Chip Components
----------------------

+--------------------------+-----------+----------+-----------+-----------------+
| On-Chip                  | Power (W) | Used     | Available | Utilization (%) |
+--------------------------+-----------+----------+-----------+-----------------+
| Clocks                   |     0.031 |        8 |       --- |             --- |
| Slice Logic              |     0.005 |    10248 |       --- |             --- |
|   LUT as Logic           |     0.004 |     2549 |     32600 |            7.82 |
|   Register               |    <0.001 |     5375 |     65200 |            8.24 |
|   LUT as Shift Register  |    <0.001 |      496 |      9600 |            5.17 |
|   CARRY4                 |    <0.001 |      214 |      8150 |            2.63 |
|   LUT as Distributed RAM |    <0.001 |       24 |      9600 |            0.25 |
|   F7/F8 Muxes            |    <0.001 |       56 |     32600 |            0.17 |
|   Others                 |     0.000 |      616 |       --- |             --- |
| Signals                  |     0.009 |     7850 |       --- |             --- |
| Block RAM                |     0.077 |       60 |        75 |           80.00 |
| PLL                      |     0.099 |        1 |         5 |           20.00 |
| I/O                      |     0.010 |       15 |       250 |            6.00 |
| Static Power             |     0.075 |          |           |                 |
| Total                    |     0.305 |          |           |                 |
+--------------------------+-----------+----------+-----------+-----------------+


1.2 Power Supply Summary
------------------------

+-----------+-------------+-----------+-------------+------------+
| Source    | Voltage (V) | Total (A) | Dynamic (A) | Static (A) |
+-----------+-------------+-----------+-------------+------------+
| Vccint    |       1.000 |     0.135 |       0.124 |      0.011 |
| Vccaux    |       1.800 |     0.064 |       0.051 |      0.013 |
| Vcco33    |       3.300 |     0.004 |       0.003 |      0.001 |
| Vcco25    |       2.500 |     0.000 |       0.000 |      0.000 |
| Vcco18    |       1.800 |     0.000 |       0.000 |      0.000 |
| Vcco15    |       1.500 |     0.000 |       0.000 |      0.000 |
| Vcco135   |       1.350 |     0.000 |       0.000 |      0.000 |
| Vcco12    |       1.200 |     0.000 |       0.000 |      0.000 |
| Vccaux_io |       1.800 |     0.000 |       0.000 |      0.000 |
| Vccbram   |       1.000 |     0.007 |       0.005 |      0.002 |
| Vccadc    |       1.800 |     0.020 |       0.000 |      0.020 |
+-----------+-------------+-----------+-------------+------------+


1.3 Confidence Level
--------------------

+-----------------------------+------------+--------------------------------------------------------+------------------------------------------------------------------------------------------------------------+
| User Input Data             | Confidence | Details                                                | Action                                                                                                     |
+-----------------------------+------------+--------------------------------------------------------+------------------------------------------------------------------------------------------------------------+
| Design implementation state | High       | Design is routed                                       |                                                                                                            |
| Clock nodes activity        | High       | User specified more than 95% of clocks                 |                                                                                                            |
| I/O nodes activity          | Low        | More than 75% of inputs are missing user specification | Provide missing input activity with simulation results or by editing the "By Resource Type -> I/Os" view   |
| Internal nodes activity     | Medium     | User specified less than 25% of internal nodes         | Provide missing internal nodes activity with simulation results or by editing the "By Resource Type" views |
| Device models               | High       | Device models are Production                           |                                                                                                            |
|                             |            |                                                        |                                                                                                            |
| Overall confidence level    | Low        |                                                        |                                                                                                            |
+-----------------------------+------------+--------------------------------------------------------+------------------------------------------------------------------------------------------------------------+


2. Settings
-----------

2.1 Environment
---------------

+-----------------------+--------------------------+
| Ambient Temp (C)      | 25.0                     |
| ThetaJA (C/W)         | 2.9                      |
| Airflow (LFM)         | 250                      |
| Heat Sink             | medium (Medium Profile)  |
| ThetaSA (C/W)         | 4.8                      |
| Board Selection       | medium (10"x10")         |
| # of Board Layers     | 12to15 (12 to 15 Layers) |
| Board Temperature (C) | 25.0                     |
+-----------------------+--------------------------+


2.2 Clock Constraints
---------------------

+--------------------------------------------------------------------------------------------+----------------------------------------------------------------------+-----------------+
| Clock                                                                                      | Domain                                                               | Constraint (ns) |
+--------------------------------------------------------------------------------------------+----------------------------------------------------------------------+-----------------+
| clk_out1_pll_27MHz                                                                         | u0_pll_27MHz/inst/clk_out1_pll_27MHz                                 |            37.0 |
| clk_out2_pll_27MHz                                                                         | u0_pll_27MHz/inst/clk_out2_pll_27MHz                                 |             6.7 |
| clkfbout_pll_27MHz                                                                         | u0_pll_27MHz/inst/clkfbout_pll_27MHz                                 |            37.0 |
| dbg_hub/inst/BSCANID.u_xsdbm_id/SWITCH_N_EXT_BSCAN.bscan_inst/SERIES7_BSCAN.bscan_inst/TCK | dbg_hub/inst/BSCANID.u_xsdbm_id/SWITCH_N_EXT_BSCAN.bscan_inst/tck_bs |            33.0 |
| i_osc_clk_27M                                                                              | i_osc_clk_27M                                                        |            37.0 |
| i_osc_clk_27M                                                                              | i_osc_clk_27M_IBUF                                                   |            37.0 |
+--------------------------------------------------------------------------------------------+----------------------------------------------------------------------+-----------------+


3. Detailed Reports
-------------------

3.1 By Hierarchy
----------------

+--------------------------+-----------+
| Name                     | Power (W) |
+--------------------------+-----------+
| top_ceshi                |     0.230 |
|   dbg_hub                |     0.004 |
|     inst                 |     0.004 |
|       BSCANID.u_xsdbm_id |     0.004 |
|   u0_ddc_edid_control    |     0.116 |
|     u0_ddc_edid_slave    |     0.111 |
|       ila.u_ila_128      |     0.038 |
|       u0_ddc_edid_rom    |     0.003 |
|       u0_i2c_slave       |     0.068 |
|       u0_vio_4           |     0.002 |
|     u1_ddc_edid_slave    |     0.005 |
|       u0_i2c_slave       |     0.002 |
|       u0_vio_4           |     0.002 |
|   u0_pll_27MHz           |     0.099 |
|     inst                 |     0.099 |
+--------------------------+-----------+


